2022-04-15 09:07:35.9012||DEBUG|Relationshop.Blueprint.Nlog.Program| |url: |action: : init main
2022-04-15 09:07:36.9653||INFO|Relationshop.Blueprint.Nlog.Startup| |url: |action: : Environment name: Development
2022-04-15 09:07:37.3675||INFO|Microsoft.Hosting.Lifetime| |url: |action: : Application started. Press Ctrl+C to shut down.
2022-04-15 09:07:37.3890||INFO|Microsoft.Hosting.Lifetime| |url: |action: : Hosting environment: Development
2022-04-15 09:07:37.4042||INFO|Microsoft.Hosting.Lifetime| |url: |action: : Content root path: E:\relationshop\Documentation\backend\coding-example\Relationshop.Blueprint.Dapper
2022-04-15 09:07:37.5686||INFO|Relationshop.Blueprint.Nlog.Controllers.WeatherForecastController| |url: https://localhost/weatherforecast|action: Get: Call to Get
2022-04-15 09:09:53.2372||DEBUG|Relationshop.Blueprint.Nlog.Program| |url: |action: : init main
2022-04-15 09:09:54.2738||INFO|Relationshop.Blueprint.Nlog.Startup| |url: |action: : Environment name: Development
2022-04-15 09:09:54.7616||INFO|Microsoft.Hosting.Lifetime| |url: |action: : Application started. Press Ctrl+C to shut down.
2022-04-15 09:09:54.7701||INFO|Microsoft.Hosting.Lifetime| |url: |action: : Hosting environment: Development
2022-04-15 09:09:54.8074||INFO|Microsoft.Hosting.Lifetime| |url: |action: : Content root path: E:\relationshop\Documentation\backend\coding-example\Relationshop.Blueprint.Dapper
2022-04-15 09:09:55.0181||INFO|Relationshop.Blueprint.Nlog.Controllers.WeatherForecastController| |url: https://localhost/weatherforecast|action: Get: Call to Get
2022-04-15 09:10:02.4268||INFO|Relationshop.Blueprint.Nlog.Controllers.WeatherForecastController| |url: https://localhost/weatherforecast/get-file/1|action: GetFile: Call to GetFileAsync
2022-04-15 09:10:04.2338|1|ERROR|Microsoft.AspNetCore.Diagnostics.DeveloperExceptionPageMiddleware| Microsoft.Data.SqlClient.SqlException (0x80131904): Invalid object name 'RS_Files'.
   at Microsoft.Data.SqlClient.SqlCommand.<>c.<ExecuteDbDataReaderAsync>b__169_0(Task`1 result)
   at System.Threading.Tasks.ContinuationResultTaskFromResultTask`2.InnerInvoke()
   at System.Threading.Tasks.Task.<>c.<.cctor>b__274_0(Object obj)
   at System.Threading.ExecutionContext.RunInternal(ExecutionContext executionContext, ContextCallback callback, Object state)
--- End of stack trace from previous location where exception was thrown ---
   at System.Threading.ExecutionContext.RunInternal(ExecutionContext executionContext, ContextCallback callback, Object state)
   at System.Threading.Tasks.Task.ExecuteWithThreadLocal(Task& currentTaskSlot, Thread threadPoolThread)
--- End of stack trace from previous location where exception was thrown ---
   at Dapper.SqlMapper.QueryRowAsync[T](IDbConnection cnn, Row row, Type effectiveType, CommandDefinition command) in C:\projects\dapper\Dapper\SqlMapper.Async.cs:line 483
   at Relationshop.Blueprint.Dapper.Dapper.DapperRepository.QuerySingleOrDefaultAsync[T](IDbConnection dbConnection, String sql, Object param) in E:\relationshop\Documentation\backend\coding-example\Relationshop.Blueprint.Dapper\Dapper\DapperRepository.cs:line 32
   at Relationshop.Blueprint.Dapper.Dapper.DapperRepository.QuerySingleOrDefaultAsync[T](String sql, Object param) in E:\relationshop\Documentation\backend\coding-example\Relationshop.Blueprint.Dapper\Dapper\DapperRepository.cs:line 38
   at Relationshop.Blueprint.Dapper.Dapper.FileReadRepository.GetFileByIdQuery(Int64 id) in E:\relationshop\Documentation\backend\coding-example\Relationshop.Blueprint.Dapper\Dapper\FileReadRepository.cs:line 33
   at Relationshop.Blueprint.Dapper.Services.FileService.GetFileByIdQuery(Int64 id) in E:\relationshop\Documentation\backend\coding-example\Relationshop.Blueprint.Dapper\Services\FileService.cs:line 24
   at Relationshop.Blueprint.Nlog.Controllers.WeatherForecastController.GetFileAsync(Int64 id) in E:\relationshop\Documentation\backend\coding-example\Relationshop.Blueprint.Dapper\Controllers\WeatherForecastController.cs:line 50
   at lambda_method(Closure , Object )
   at Microsoft.Extensions.Internal.ObjectMethodExecutorAwaitable.Awaiter.GetResult()
   at Microsoft.AspNetCore.Mvc.Infrastructure.ActionMethodExecutor.AwaitableObjectResultExecutor.Execute(IActionResultTypeMapper mapper, ObjectMethodExecutor executor, Object controller, Object[] arguments)
   at Microsoft.AspNetCore.Mvc.Infrastructure.ControllerActionInvoker.<InvokeActionMethodAsync>g__Logged|12_1(ControllerActionInvoker invoker)
   at Microsoft.AspNetCore.Mvc.Infrastructure.ControllerActionInvoker.<InvokeNextActionFilterAsync>g__Awaited|10_0(ControllerActionInvoker invoker, Task lastTask, State next, Scope scope, Object state, Boolean isCompleted)
   at Microsoft.AspNetCore.Mvc.Infrastructure.ControllerActionInvoker.Rethrow(ActionExecutedContextSealed context)
   at Microsoft.AspNetCore.Mvc.Infrastructure.ControllerActionInvoker.Next(State& next, Scope& scope, Object& state, Boolean& isCompleted)
   at Microsoft.AspNetCore.Mvc.Infrastructure.ControllerActionInvoker.<InvokeInnerFilterAsync>g__Awaited|13_0(ControllerActionInvoker invoker, Task lastTask, State next, Scope scope, Object state, Boolean isCompleted)
   at Microsoft.AspNetCore.Mvc.Infrastructure.ResourceInvoker.<InvokeFilterPipelineAsync>g__Awaited|19_0(ResourceInvoker invoker, Task lastTask, State next, Scope scope, Object state, Boolean isCompleted)
   at Microsoft.AspNetCore.Mvc.Infrastructure.ResourceInvoker.<InvokeAsync>g__Logged|17_1(ResourceInvoker invoker)
   at Microsoft.AspNetCore.Routing.EndpointMiddleware.<Invoke>g__AwaitRequestTask|6_0(Endpoint endpoint, Task requestTask, ILogger logger)
   at Microsoft.AspNetCore.Authorization.AuthorizationMiddleware.Invoke(HttpContext context)
   at Microsoft.AspNetCore.Diagnostics.DeveloperExceptionPageMiddleware.Invoke(HttpContext context)
ClientConnectionId:2a2d8837-2d89-4159-9ec1-7a09c33dd039
Error Number:208,State:1,Class:16|url: https://localhost/weatherforecast/get-file/1|action: GetFile: An unhandled exception has occurred while executing the request.
2022-04-15 09:10:24.8164||DEBUG|Relationshop.Blueprint.Nlog.Program| |url: |action: : init main
2022-04-15 09:10:25.8063||INFO|Relationshop.Blueprint.Nlog.Startup| |url: |action: : Environment name: Development
2022-04-15 09:10:26.2779||INFO|Microsoft.Hosting.Lifetime| |url: |action: : Application started. Press Ctrl+C to shut down.
2022-04-15 09:10:26.3044||INFO|Microsoft.Hosting.Lifetime| |url: |action: : Hosting environment: Development
2022-04-15 09:10:26.3223||INFO|Microsoft.Hosting.Lifetime| |url: |action: : Content root path: E:\relationshop\Documentation\backend\coding-example\Relationshop.Blueprint.Dapper
2022-04-15 09:10:26.5926||INFO|Relationshop.Blueprint.Nlog.Controllers.WeatherForecastController| |url: https://localhost/weatherforecast|action: Get: Call to Get
2022-04-15 09:10:32.7943||INFO|Relationshop.Blueprint.Nlog.Controllers.WeatherForecastController| |url: https://localhost/weatherforecast|action: Get: Call to Get
2022-04-15 09:10:54.3592||INFO|Relationshop.Blueprint.Nlog.Controllers.WeatherForecastController| |url: https://localhost/weatherforecast/get-file/1|action: GetFile: Call to GetFileAsync
2022-04-15 09:11:28.2706|1|ERROR|Microsoft.AspNetCore.Diagnostics.DeveloperExceptionPageMiddleware| Microsoft.Data.SqlClient.SqlException (0x80131904): Invalid object name 'RS_Files'.
   at Microsoft.Data.SqlClient.SqlCommand.<>c.<ExecuteDbDataReaderAsync>b__169_0(Task`1 result)
   at System.Threading.Tasks.ContinuationResultTaskFromResultTask`2.InnerInvoke()
   at System.Threading.Tasks.Task.<>c.<.cctor>b__274_0(Object obj)
   at System.Threading.ExecutionContext.RunInternal(ExecutionContext executionContext, ContextCallback callback, Object state)
--- End of stack trace from previous location where exception was thrown ---
   at System.Threading.ExecutionContext.RunInternal(ExecutionContext executionContext, ContextCallback callback, Object state)
   at System.Threading.Tasks.Task.ExecuteWithThreadLocal(Task& currentTaskSlot, Thread threadPoolThread)
--- End of stack trace from previous location where exception was thrown ---
   at Dapper.SqlMapper.QueryRowAsync[T](IDbConnection cnn, Row row, Type effectiveType, CommandDefinition command) in C:\projects\dapper\Dapper\SqlMapper.Async.cs:line 483
   at Relationshop.Blueprint.Dapper.Dapper.DapperRepository.QuerySingleOrDefaultAsync[T](IDbConnection dbConnection, String sql, Object param) in E:\relationshop\Documentation\backend\coding-example\Relationshop.Blueprint.Dapper\Dapper\DapperRepository.cs:line 32
   at Relationshop.Blueprint.Dapper.Dapper.DapperRepository.QuerySingleOrDefaultAsync[T](String sql, Object param) in E:\relationshop\Documentation\backend\coding-example\Relationshop.Blueprint.Dapper\Dapper\DapperRepository.cs:line 38
   at Relationshop.Blueprint.Dapper.Dapper.FileReadRepository.GetFileByIdQuery(Int64 id) in E:\relationshop\Documentation\backend\coding-example\Relationshop.Blueprint.Dapper\Dapper\FileReadRepository.cs:line 33
   at Relationshop.Blueprint.Dapper.Services.FileService.GetFileByIdQuery(Int64 id) in E:\relationshop\Documentation\backend\coding-example\Relationshop.Blueprint.Dapper\Services\FileService.cs:line 24
   at Relationshop.Blueprint.Nlog.Controllers.WeatherForecastController.GetFileAsync(Int64 id) in E:\relationshop\Documentation\backend\coding-example\Relationshop.Blueprint.Dapper\Controllers\WeatherForecastController.cs:line 50
   at lambda_method(Closure , Object )
   at Microsoft.Extensions.Internal.ObjectMethodExecutorAwaitable.Awaiter.GetResult()
   at Microsoft.AspNetCore.Mvc.Infrastructure.ActionMethodExecutor.AwaitableObjectResultExecutor.Execute(IActionResultTypeMapper mapper, ObjectMethodExecutor executor, Object controller, Object[] arguments)
   at Microsoft.AspNetCore.Mvc.Infrastructure.ControllerActionInvoker.<InvokeActionMethodAsync>g__Logged|12_1(ControllerActionInvoker invoker)
   at Microsoft.AspNetCore.Mvc.Infrastructure.ControllerActionInvoker.<InvokeNextActionFilterAsync>g__Awaited|10_0(ControllerActionInvoker invoker, Task lastTask, State next, Scope scope, Object state, Boolean isCompleted)
   at Microsoft.AspNetCore.Mvc.Infrastructure.ControllerActionInvoker.Rethrow(ActionExecutedContextSealed context)
   at Microsoft.AspNetCore.Mvc.Infrastructure.ControllerActionInvoker.Next(State& next, Scope& scope, Object& state, Boolean& isCompleted)
   at Microsoft.AspNetCore.Mvc.Infrastructure.ControllerActionInvoker.<InvokeInnerFilterAsync>g__Awaited|13_0(ControllerActionInvoker invoker, Task lastTask, State next, Scope scope, Object state, Boolean isCompleted)
   at Microsoft.AspNetCore.Mvc.Infrastructure.ResourceInvoker.<InvokeFilterPipelineAsync>g__Awaited|19_0(ResourceInvoker invoker, Task lastTask, State next, Scope scope, Object state, Boolean isCompleted)
   at Microsoft.AspNetCore.Mvc.Infrastructure.ResourceInvoker.<InvokeAsync>g__Logged|17_1(ResourceInvoker invoker)
   at Microsoft.AspNetCore.Routing.EndpointMiddleware.<Invoke>g__AwaitRequestTask|6_0(Endpoint endpoint, Task requestTask, ILogger logger)
   at Microsoft.AspNetCore.Authorization.AuthorizationMiddleware.Invoke(HttpContext context)
   at Microsoft.AspNetCore.Diagnostics.DeveloperExceptionPageMiddleware.Invoke(HttpContext context)
ClientConnectionId:de9021d1-01bb-4a30-b3bc-7410c2541b58
Error Number:208,State:1,Class:16|url: https://localhost/weatherforecast/get-file/1|action: GetFile: An unhandled exception has occurred while executing the request.
2022-04-15 09:23:32.6483||DEBUG|Relationshop.Blueprint.Nlog.Program| |url: |action: : init main
2022-04-15 09:23:33.7510||INFO|Relationshop.Blueprint.Nlog.Startup| |url: |action: : Environment name: Development
2022-04-15 09:23:34.4661||INFO|Microsoft.Hosting.Lifetime| |url: |action: : Application started. Press Ctrl+C to shut down.
2022-04-15 09:23:34.4898||INFO|Microsoft.Hosting.Lifetime| |url: |action: : Hosting environment: Development
2022-04-15 09:23:34.5287||INFO|Microsoft.Hosting.Lifetime| |url: |action: : Content root path: E:\relationshop\Documentation\backend\coding-example\Relationshop.Blueprint.Dapper
2022-04-15 09:23:34.7524||INFO|Relationshop.Blueprint.Nlog.Controllers.WeatherForecastController| |url: https://localhost/weatherforecast|action: Get: Call to Get
2022-04-15 09:23:48.7406||INFO|Relationshop.Blueprint.Nlog.Controllers.WeatherForecastController| |url: https://localhost/weatherforecast/get-file/1|action: GetFile: Call to GetFileAsync
2022-04-15 09:25:52.7340|1|ERROR|Microsoft.AspNetCore.Diagnostics.DeveloperExceptionPageMiddleware| Microsoft.Data.SqlClient.SqlException (0x80131904): Invalid object name 'RS_Files'.
   at Microsoft.Data.SqlClient.SqlCommand.<>c.<ExecuteDbDataReaderAsync>b__169_0(Task`1 result)
   at System.Threading.Tasks.ContinuationResultTaskFromResultTask`2.InnerInvoke()
   at System.Threading.Tasks.Task.<>c.<.cctor>b__274_0(Object obj)
   at System.Threading.ExecutionContext.RunInternal(ExecutionContext executionContext, ContextCallback callback, Object state)
--- End of stack trace from previous location where exception was thrown ---
   at System.Threading.ExecutionContext.RunInternal(ExecutionContext executionContext, ContextCallback callback, Object state)
   at System.Threading.Tasks.Task.ExecuteWithThreadLocal(Task& currentTaskSlot, Thread threadPoolThread)
--- End of stack trace from previous location where exception was thrown ---
   at Dapper.SqlMapper.QueryRowAsync[T](IDbConnection cnn, Row row, Type effectiveType, CommandDefinition command) in C:\projects\dapper\Dapper\SqlMapper.Async.cs:line 483
   at Relationshop.Blueprint.Dapper.Dapper.DapperRepository.QuerySingleOrDefaultAsync[T](IDbConnection dbConnection, String sql, Object param) in E:\relationshop\Documentation\backend\coding-example\Relationshop.Blueprint.Dapper\Dapper\DapperRepository.cs:line 32
   at Relationshop.Blueprint.Dapper.Dapper.DapperRepository.QuerySingleOrDefaultAsync[T](String sql, Object param) in E:\relationshop\Documentation\backend\coding-example\Relationshop.Blueprint.Dapper\Dapper\DapperRepository.cs:line 38
   at Relationshop.Blueprint.Dapper.Dapper.FileReadRepository.GetFileByIdQuery(Int64 id) in E:\relationshop\Documentation\backend\coding-example\Relationshop.Blueprint.Dapper\Dapper\FileReadRepository.cs:line 33
   at Relationshop.Blueprint.Dapper.Services.FileService.GetFileByIdQuery(Int64 id) in E:\relationshop\Documentation\backend\coding-example\Relationshop.Blueprint.Dapper\Services\FileService.cs:line 24
   at Relationshop.Blueprint.Nlog.Controllers.WeatherForecastController.GetFileAsync(Int64 id) in E:\relationshop\Documentation\backend\coding-example\Relationshop.Blueprint.Dapper\Controllers\WeatherForecastController.cs:line 50
   at lambda_method(Closure , Object )
   at Microsoft.Extensions.Internal.ObjectMethodExecutorAwaitable.Awaiter.GetResult()
   at Microsoft.AspNetCore.Mvc.Infrastructure.ActionMethodExecutor.AwaitableObjectResultExecutor.Execute(IActionResultTypeMapper mapper, ObjectMethodExecutor executor, Object controller, Object[] arguments)
   at Microsoft.AspNetCore.Mvc.Infrastructure.ControllerActionInvoker.<InvokeActionMethodAsync>g__Logged|12_1(ControllerActionInvoker invoker)
   at Microsoft.AspNetCore.Mvc.Infrastructure.ControllerActionInvoker.<InvokeNextActionFilterAsync>g__Awaited|10_0(ControllerActionInvoker invoker, Task lastTask, State next, Scope scope, Object state, Boolean isCompleted)
   at Microsoft.AspNetCore.Mvc.Infrastructure.ControllerActionInvoker.Rethrow(ActionExecutedContextSealed context)
   at Microsoft.AspNetCore.Mvc.Infrastructure.ControllerActionInvoker.Next(State& next, Scope& scope, Object& state, Boolean& isCompleted)
   at Microsoft.AspNetCore.Mvc.Infrastructure.ControllerActionInvoker.<InvokeInnerFilterAsync>g__Awaited|13_0(ControllerActionInvoker invoker, Task lastTask, State next, Scope scope, Object state, Boolean isCompleted)
   at Microsoft.AspNetCore.Mvc.Infrastructure.ResourceInvoker.<InvokeFilterPipelineAsync>g__Awaited|19_0(ResourceInvoker invoker, Task lastTask, State next, Scope scope, Object state, Boolean isCompleted)
   at Microsoft.AspNetCore.Mvc.Infrastructure.ResourceInvoker.<InvokeAsync>g__Logged|17_1(ResourceInvoker invoker)
   at Microsoft.AspNetCore.Routing.EndpointMiddleware.<Invoke>g__AwaitRequestTask|6_0(Endpoint endpoint, Task requestTask, ILogger logger)
   at Microsoft.AspNetCore.Authorization.AuthorizationMiddleware.Invoke(HttpContext context)
   at Microsoft.AspNetCore.Diagnostics.DeveloperExceptionPageMiddleware.Invoke(HttpContext context)
ClientConnectionId:c26b2e82-e94f-41fb-95dd-41315077476f
Error Number:208,State:1,Class:16|url: https://localhost/weatherforecast/get-file/1|action: GetFile: An unhandled exception has occurred while executing the request.
2022-04-15 09:27:18.8911||DEBUG|Relationshop.Blueprint.Nlog.Program| |url: |action: : init main
2022-04-15 09:27:19.9082||INFO|Relationshop.Blueprint.Nlog.Startup| |url: |action: : Environment name: Development
2022-04-15 09:27:20.3660||INFO|Microsoft.Hosting.Lifetime| |url: |action: : Application started. Press Ctrl+C to shut down.
2022-04-15 09:27:20.3954||INFO|Microsoft.Hosting.Lifetime| |url: |action: : Hosting environment: Development
2022-04-15 09:27:20.4332||INFO|Microsoft.Hosting.Lifetime| |url: |action: : Content root path: E:\relationshop\Documentation\backend\coding-example\Relationshop.Blueprint.Dapper
2022-04-15 09:27:20.7461||INFO|Relationshop.Blueprint.Nlog.Controllers.WeatherForecastController| |url: https://localhost/weatherforecast|action: Get: Call to Get
2022-04-15 09:27:38.5406||INFO|Relationshop.Blueprint.Nlog.Controllers.WeatherForecastController| |url: https://localhost/weatherforecast/get-file/1|action: GetFile: Call to GetFileAsync
2022-04-15 09:27:47.4056|1|ERROR|Microsoft.AspNetCore.Diagnostics.DeveloperExceptionPageMiddleware| Microsoft.Data.SqlClient.SqlException (0x80131904): Invalid column name 'ThumbnailPath'.
Invalid column name 'Source'.
Invalid column name 'FileData'.
Invalid column name 'CreatedBy'.
Invalid column name 'CreatedDate'.
Invalid column name 'ModifiedBy'.
Invalid column name 'ModifiedDate'.
   at Microsoft.Data.SqlClient.SqlCommand.<>c.<ExecuteDbDataReaderAsync>b__169_0(Task`1 result)
   at System.Threading.Tasks.ContinuationResultTaskFromResultTask`2.InnerInvoke()
   at System.Threading.Tasks.Task.<>c.<.cctor>b__274_0(Object obj)
   at System.Threading.ExecutionContext.RunInternal(ExecutionContext executionContext, ContextCallback callback, Object state)
--- End of stack trace from previous location where exception was thrown ---
   at System.Threading.ExecutionContext.RunInternal(ExecutionContext executionContext, ContextCallback callback, Object state)
   at System.Threading.Tasks.Task.ExecuteWithThreadLocal(Task& currentTaskSlot, Thread threadPoolThread)
--- End of stack trace from previous location where exception was thrown ---
   at Dapper.SqlMapper.QueryRowAsync[T](IDbConnection cnn, Row row, Type effectiveType, CommandDefinition command) in C:\projects\dapper\Dapper\SqlMapper.Async.cs:line 483
   at Relationshop.Blueprint.Dapper.Dapper.DapperRepository.QuerySingleOrDefaultAsync[T](IDbConnection dbConnection, String sql, Object param) in E:\relationshop\Documentation\backend\coding-example\Relationshop.Blueprint.Dapper\Dapper\DapperRepository.cs:line 32
   at Relationshop.Blueprint.Dapper.Dapper.DapperRepository.QuerySingleOrDefaultAsync[T](String sql, Object param) in E:\relationshop\Documentation\backend\coding-example\Relationshop.Blueprint.Dapper\Dapper\DapperRepository.cs:line 38
   at Relationshop.Blueprint.Dapper.Dapper.FileReadRepository.GetFileByIdQuery(Int64 id) in E:\relationshop\Documentation\backend\coding-example\Relationshop.Blueprint.Dapper\Dapper\FileReadRepository.cs:line 33
   at Relationshop.Blueprint.Dapper.Services.FileService.GetFileByIdQuery(Int64 id) in E:\relationshop\Documentation\backend\coding-example\Relationshop.Blueprint.Dapper\Services\FileService.cs:line 24
   at Relationshop.Blueprint.Nlog.Controllers.WeatherForecastController.GetFileAsync(Int64 id) in E:\relationshop\Documentation\backend\coding-example\Relationshop.Blueprint.Dapper\Controllers\WeatherForecastController.cs:line 50
   at lambda_method(Closure , Object )
   at Microsoft.Extensions.Internal.ObjectMethodExecutorAwaitable.Awaiter.GetResult()
   at Microsoft.AspNetCore.Mvc.Infrastructure.ActionMethodExecutor.AwaitableObjectResultExecutor.Execute(IActionResultTypeMapper mapper, ObjectMethodExecutor executor, Object controller, Object[] arguments)
   at Microsoft.AspNetCore.Mvc.Infrastructure.ControllerActionInvoker.<InvokeActionMethodAsync>g__Logged|12_1(ControllerActionInvoker invoker)
   at Microsoft.AspNetCore.Mvc.Infrastructure.ControllerActionInvoker.<InvokeNextActionFilterAsync>g__Awaited|10_0(ControllerActionInvoker invoker, Task lastTask, State next, Scope scope, Object state, Boolean isCompleted)
   at Microsoft.AspNetCore.Mvc.Infrastructure.ControllerActionInvoker.Rethrow(ActionExecutedContextSealed context)
   at Microsoft.AspNetCore.Mvc.Infrastructure.ControllerActionInvoker.Next(State& next, Scope& scope, Object& state, Boolean& isCompleted)
   at Microsoft.AspNetCore.Mvc.Infrastructure.ControllerActionInvoker.<InvokeInnerFilterAsync>g__Awaited|13_0(ControllerActionInvoker invoker, Task lastTask, State next, Scope scope, Object state, Boolean isCompleted)
   at Microsoft.AspNetCore.Mvc.Infrastructure.ResourceInvoker.<InvokeFilterPipelineAsync>g__Awaited|19_0(ResourceInvoker invoker, Task lastTask, State next, Scope scope, Object state, Boolean isCompleted)
   at Microsoft.AspNetCore.Mvc.Infrastructure.ResourceInvoker.<InvokeAsync>g__Logged|17_1(ResourceInvoker invoker)
   at Microsoft.AspNetCore.Routing.EndpointMiddleware.<Invoke>g__AwaitRequestTask|6_0(Endpoint endpoint, Task requestTask, ILogger logger)
   at Microsoft.AspNetCore.Authorization.AuthorizationMiddleware.Invoke(HttpContext context)
   at Microsoft.AspNetCore.Diagnostics.DeveloperExceptionPageMiddleware.Invoke(HttpContext context)
ClientConnectionId:4d4a93ce-0033-466f-bd6e-d75afcbfc68a
Error Number:207,State:1,Class:16|url: https://localhost/weatherforecast/get-file/1|action: GetFile: An unhandled exception has occurred while executing the request.
2022-04-15 09:28:41.7964||INFO|Relationshop.Blueprint.Nlog.Controllers.WeatherForecastController| |url: https://localhost/weatherforecast/get-file/1|action: GetFile: Call to GetFileAsync
2022-04-15 09:28:42.2595|1|ERROR|Microsoft.AspNetCore.Diagnostics.DeveloperExceptionPageMiddleware| Microsoft.Data.SqlClient.SqlException (0x80131904): Invalid column name 'ThumbnailPath'.
Invalid column name 'Source'.
Invalid column name 'FileData'.
Invalid column name 'CreatedBy'.
Invalid column name 'CreatedDate'.
Invalid column name 'ModifiedBy'.
Invalid column name 'ModifiedDate'.
   at Microsoft.Data.SqlClient.SqlCommand.<>c.<ExecuteDbDataReaderAsync>b__169_0(Task`1 result)
   at System.Threading.Tasks.ContinuationResultTaskFromResultTask`2.InnerInvoke()
   at System.Threading.Tasks.Task.<>c.<.cctor>b__274_0(Object obj)
   at System.Threading.ExecutionContext.RunInternal(ExecutionContext executionContext, ContextCallback callback, Object state)
--- End of stack trace from previous location where exception was thrown ---
   at System.Threading.ExecutionContext.RunInternal(ExecutionContext executionContext, ContextCallback callback, Object state)
   at System.Threading.Tasks.Task.ExecuteWithThreadLocal(Task& currentTaskSlot, Thread threadPoolThread)
--- End of stack trace from previous location where exception was thrown ---
   at Dapper.SqlMapper.QueryRowAsync[T](IDbConnection cnn, Row row, Type effectiveType, CommandDefinition command) in C:\projects\dapper\Dapper\SqlMapper.Async.cs:line 483
   at Relationshop.Blueprint.Dapper.Dapper.DapperRepository.QuerySingleOrDefaultAsync[T](IDbConnection dbConnection, String sql, Object param) in E:\relationshop\Documentation\backend\coding-example\Relationshop.Blueprint.Dapper\Dapper\DapperRepository.cs:line 32
   at Relationshop.Blueprint.Dapper.Dapper.DapperRepository.QuerySingleOrDefaultAsync[T](String sql, Object param) in E:\relationshop\Documentation\backend\coding-example\Relationshop.Blueprint.Dapper\Dapper\DapperRepository.cs:line 38
   at Relationshop.Blueprint.Dapper.Dapper.FileReadRepository.GetFileByIdQuery(Int64 id) in E:\relationshop\Documentation\backend\coding-example\Relationshop.Blueprint.Dapper\Dapper\FileReadRepository.cs:line 33
   at Relationshop.Blueprint.Dapper.Services.FileService.GetFileByIdQuery(Int64 id) in E:\relationshop\Documentation\backend\coding-example\Relationshop.Blueprint.Dapper\Services\FileService.cs:line 24
   at Relationshop.Blueprint.Nlog.Controllers.WeatherForecastController.GetFileAsync(Int64 id) in E:\relationshop\Documentation\backend\coding-example\Relationshop.Blueprint.Dapper\Controllers\WeatherForecastController.cs:line 50
   at lambda_method(Closure , Object )
   at Microsoft.Extensions.Internal.ObjectMethodExecutorAwaitable.Awaiter.GetResult()
   at Microsoft.AspNetCore.Mvc.Infrastructure.ActionMethodExecutor.AwaitableObjectResultExecutor.Execute(IActionResultTypeMapper mapper, ObjectMethodExecutor executor, Object controller, Object[] arguments)
   at Microsoft.AspNetCore.Mvc.Infrastructure.ControllerActionInvoker.<InvokeActionMethodAsync>g__Logged|12_1(ControllerActionInvoker invoker)
   at Microsoft.AspNetCore.Mvc.Infrastructure.ControllerActionInvoker.<InvokeNextActionFilterAsync>g__Awaited|10_0(ControllerActionInvoker invoker, Task lastTask, State next, Scope scope, Object state, Boolean isCompleted)
   at Microsoft.AspNetCore.Mvc.Infrastructure.ControllerActionInvoker.Rethrow(ActionExecutedContextSealed context)
   at Microsoft.AspNetCore.Mvc.Infrastructure.ControllerActionInvoker.Next(State& next, Scope& scope, Object& state, Boolean& isCompleted)
   at Microsoft.AspNetCore.Mvc.Infrastructure.ControllerActionInvoker.<InvokeInnerFilterAsync>g__Awaited|13_0(ControllerActionInvoker invoker, Task lastTask, State next, Scope scope, Object state, Boolean isCompleted)
   at Microsoft.AspNetCore.Mvc.Infrastructure.ResourceInvoker.<InvokeFilterPipelineAsync>g__Awaited|19_0(ResourceInvoker invoker, Task lastTask, State next, Scope scope, Object state, Boolean isCompleted)
   at Microsoft.AspNetCore.Mvc.Infrastructure.ResourceInvoker.<InvokeAsync>g__Logged|17_1(ResourceInvoker invoker)
   at Microsoft.AspNetCore.Routing.EndpointMiddleware.<Invoke>g__AwaitRequestTask|6_0(Endpoint endpoint, Task requestTask, ILogger logger)
   at Microsoft.AspNetCore.Authorization.AuthorizationMiddleware.Invoke(HttpContext context)
   at Microsoft.AspNetCore.Diagnostics.DeveloperExceptionPageMiddleware.Invoke(HttpContext context)
ClientConnectionId:4d4a93ce-0033-466f-bd6e-d75afcbfc68a
Error Number:207,State:1,Class:16|url: https://localhost/weatherforecast/get-file/1|action: GetFile: An unhandled exception has occurred while executing the request.
2022-04-15 09:31:01.1399||INFO|Relationshop.Blueprint.Nlog.Controllers.WeatherForecastController| |url: https://localhost/weatherforecast/get-file/2|action: GetFile: Call to GetFileAsync
2022-04-15 09:31:01.5393|1|ERROR|Microsoft.AspNetCore.Diagnostics.DeveloperExceptionPageMiddleware| Microsoft.Data.SqlClient.SqlException (0x80131904): Invalid column name 'ThumbnailPath'.
Invalid column name 'Source'.
Invalid column name 'FileData'.
Invalid column name 'CreatedBy'.
Invalid column name 'CreatedDate'.
Invalid column name 'ModifiedBy'.
Invalid column name 'ModifiedDate'.
   at Microsoft.Data.SqlClient.SqlCommand.<>c.<ExecuteDbDataReaderAsync>b__169_0(Task`1 result)
   at System.Threading.Tasks.ContinuationResultTaskFromResultTask`2.InnerInvoke()
   at System.Threading.Tasks.Task.<>c.<.cctor>b__274_0(Object obj)
   at System.Threading.ExecutionContext.RunInternal(ExecutionContext executionContext, ContextCallback callback, Object state)
--- End of stack trace from previous location where exception was thrown ---
   at System.Threading.ExecutionContext.RunInternal(ExecutionContext executionContext, ContextCallback callback, Object state)
   at System.Threading.Tasks.Task.ExecuteWithThreadLocal(Task& currentTaskSlot, Thread threadPoolThread)
--- End of stack trace from previous location where exception was thrown ---
   at Dapper.SqlMapper.QueryRowAsync[T](IDbConnection cnn, Row row, Type effectiveType, CommandDefinition command) in C:\projects\dapper\Dapper\SqlMapper.Async.cs:line 483
   at Relationshop.Blueprint.Dapper.Dapper.DapperRepository.QuerySingleOrDefaultAsync[T](IDbConnection dbConnection, String sql, Object param) in E:\relationshop\Documentation\backend\coding-example\Relationshop.Blueprint.Dapper\Dapper\DapperRepository.cs:line 32
   at Relationshop.Blueprint.Dapper.Dapper.DapperRepository.QuerySingleOrDefaultAsync[T](String sql, Object param) in E:\relationshop\Documentation\backend\coding-example\Relationshop.Blueprint.Dapper\Dapper\DapperRepository.cs:line 38
   at Relationshop.Blueprint.Dapper.Dapper.FileReadRepository.GetFileByIdQuery(Int64 id) in E:\relationshop\Documentation\backend\coding-example\Relationshop.Blueprint.Dapper\Dapper\FileReadRepository.cs:line 33
   at Relationshop.Blueprint.Dapper.Services.FileService.GetFileByIdQuery(Int64 id) in E:\relationshop\Documentation\backend\coding-example\Relationshop.Blueprint.Dapper\Services\FileService.cs:line 24
   at Relationshop.Blueprint.Nlog.Controllers.WeatherForecastController.GetFileAsync(Int64 id) in E:\relationshop\Documentation\backend\coding-example\Relationshop.Blueprint.Dapper\Controllers\WeatherForecastController.cs:line 50
   at lambda_method(Closure , Object )
   at Microsoft.Extensions.Internal.ObjectMethodExecutorAwaitable.Awaiter.GetResult()
   at Microsoft.AspNetCore.Mvc.Infrastructure.ActionMethodExecutor.AwaitableObjectResultExecutor.Execute(IActionResultTypeMapper mapper, ObjectMethodExecutor executor, Object controller, Object[] arguments)
   at Microsoft.AspNetCore.Mvc.Infrastructure.ControllerActionInvoker.<InvokeActionMethodAsync>g__Logged|12_1(ControllerActionInvoker invoker)
   at Microsoft.AspNetCore.Mvc.Infrastructure.ControllerActionInvoker.<InvokeNextActionFilterAsync>g__Awaited|10_0(ControllerActionInvoker invoker, Task lastTask, State next, Scope scope, Object state, Boolean isCompleted)
   at Microsoft.AspNetCore.Mvc.Infrastructure.ControllerActionInvoker.Rethrow(ActionExecutedContextSealed context)
   at Microsoft.AspNetCore.Mvc.Infrastructure.ControllerActionInvoker.Next(State& next, Scope& scope, Object& state, Boolean& isCompleted)
   at Microsoft.AspNetCore.Mvc.Infrastructure.ControllerActionInvoker.<InvokeInnerFilterAsync>g__Awaited|13_0(ControllerActionInvoker invoker, Task lastTask, State next, Scope scope, Object state, Boolean isCompleted)
   at Microsoft.AspNetCore.Mvc.Infrastructure.ResourceInvoker.<InvokeFilterPipelineAsync>g__Awaited|19_0(ResourceInvoker invoker, Task lastTask, State next, Scope scope, Object state, Boolean isCompleted)
   at Microsoft.AspNetCore.Mvc.Infrastructure.ResourceInvoker.<InvokeAsync>g__Logged|17_1(ResourceInvoker invoker)
   at Microsoft.AspNetCore.Routing.EndpointMiddleware.<Invoke>g__AwaitRequestTask|6_0(Endpoint endpoint, Task requestTask, ILogger logger)
   at Microsoft.AspNetCore.Authorization.AuthorizationMiddleware.Invoke(HttpContext context)
   at Microsoft.AspNetCore.Diagnostics.DeveloperExceptionPageMiddleware.Invoke(HttpContext context)
ClientConnectionId:4d4a93ce-0033-466f-bd6e-d75afcbfc68a
Error Number:207,State:1,Class:16|url: https://localhost/weatherforecast/get-file/2|action: GetFile: An unhandled exception has occurred while executing the request.
2022-04-15 09:31:18.0021||INFO|Relationshop.Blueprint.Nlog.Controllers.WeatherForecastController| |url: https://localhost/weatherforecast|action: Get: Call to Get
2022-04-15 09:31:25.1129||INFO|Relationshop.Blueprint.Nlog.Controllers.WeatherForecastController| |url: https://localhost/weatherforecast/get-file/1|action: GetFile: Call to GetFileAsync
2022-04-15 09:31:25.4537|1|ERROR|Microsoft.AspNetCore.Diagnostics.DeveloperExceptionPageMiddleware| Microsoft.Data.SqlClient.SqlException (0x80131904): Invalid column name 'ThumbnailPath'.
Invalid column name 'Source'.
Invalid column name 'FileData'.
Invalid column name 'CreatedBy'.
Invalid column name 'CreatedDate'.
Invalid column name 'ModifiedBy'.
Invalid column name 'ModifiedDate'.
   at Microsoft.Data.SqlClient.SqlCommand.<>c.<ExecuteDbDataReaderAsync>b__169_0(Task`1 result)
   at System.Threading.Tasks.ContinuationResultTaskFromResultTask`2.InnerInvoke()
   at System.Threading.Tasks.Task.<>c.<.cctor>b__274_0(Object obj)
   at System.Threading.ExecutionContext.RunInternal(ExecutionContext executionContext, ContextCallback callback, Object state)
--- End of stack trace from previous location where exception was thrown ---
   at System.Threading.Tasks.Task.ExecuteWithThreadLocal(Task& currentTaskSlot, Thread threadPoolThread)
--- End of stack trace from previous location where exception was thrown ---
   at Dapper.SqlMapper.QueryRowAsync[T](IDbConnection cnn, Row row, Type effectiveType, CommandDefinition command) in C:\projects\dapper\Dapper\SqlMapper.Async.cs:line 483
   at Relationshop.Blueprint.Dapper.Dapper.DapperRepository.QuerySingleOrDefaultAsync[T](IDbConnection dbConnection, String sql, Object param) in E:\relationshop\Documentation\backend\coding-example\Relationshop.Blueprint.Dapper\Dapper\DapperRepository.cs:line 32
   at Relationshop.Blueprint.Dapper.Dapper.DapperRepository.QuerySingleOrDefaultAsync[T](String sql, Object param) in E:\relationshop\Documentation\backend\coding-example\Relationshop.Blueprint.Dapper\Dapper\DapperRepository.cs:line 38
   at Relationshop.Blueprint.Dapper.Dapper.FileReadRepository.GetFileByIdQuery(Int64 id) in E:\relationshop\Documentation\backend\coding-example\Relationshop.Blueprint.Dapper\Dapper\FileReadRepository.cs:line 33
   at Relationshop.Blueprint.Dapper.Services.FileService.GetFileByIdQuery(Int64 id) in E:\relationshop\Documentation\backend\coding-example\Relationshop.Blueprint.Dapper\Services\FileService.cs:line 24
   at Relationshop.Blueprint.Nlog.Controllers.WeatherForecastController.GetFileAsync(Int64 id) in E:\relationshop\Documentation\backend\coding-example\Relationshop.Blueprint.Dapper\Controllers\WeatherForecastController.cs:line 50
   at lambda_method(Closure , Object )
   at Microsoft.Extensions.Internal.ObjectMethodExecutorAwaitable.Awaiter.GetResult()
   at Microsoft.AspNetCore.Mvc.Infrastructure.ActionMethodExecutor.AwaitableObjectResultExecutor.Execute(IActionResultTypeMapper mapper, ObjectMethodExecutor executor, Object controller, Object[] arguments)
   at Microsoft.AspNetCore.Mvc.Infrastructure.ControllerActionInvoker.<InvokeActionMethodAsync>g__Logged|12_1(ControllerActionInvoker invoker)
   at Microsoft.AspNetCore.Mvc.Infrastructure.ControllerActionInvoker.<InvokeNextActionFilterAsync>g__Awaited|10_0(ControllerActionInvoker invoker, Task lastTask, State next, Scope scope, Object state, Boolean isCompleted)
   at Microsoft.AspNetCore.Mvc.Infrastructure.ControllerActionInvoker.Rethrow(ActionExecutedContextSealed context)
   at Microsoft.AspNetCore.Mvc.Infrastructure.ControllerActionInvoker.Next(State& next, Scope& scope, Object& state, Boolean& isCompleted)
   at Microsoft.AspNetCore.Mvc.Infrastructure.ControllerActionInvoker.<InvokeInnerFilterAsync>g__Awaited|13_0(ControllerActionInvoker invoker, Task lastTask, State next, Scope scope, Object state, Boolean isCompleted)
   at Microsoft.AspNetCore.Mvc.Infrastructure.ResourceInvoker.<InvokeFilterPipelineAsync>g__Awaited|19_0(ResourceInvoker invoker, Task lastTask, State next, Scope scope, Object state, Boolean isCompleted)
   at Microsoft.AspNetCore.Mvc.Infrastructure.ResourceInvoker.<InvokeAsync>g__Logged|17_1(ResourceInvoker invoker)
   at Microsoft.AspNetCore.Routing.EndpointMiddleware.<Invoke>g__AwaitRequestTask|6_0(Endpoint endpoint, Task requestTask, ILogger logger)
   at Microsoft.AspNetCore.Authorization.AuthorizationMiddleware.Invoke(HttpContext context)
   at Microsoft.AspNetCore.Diagnostics.DeveloperExceptionPageMiddleware.Invoke(HttpContext context)
ClientConnectionId:4d4a93ce-0033-466f-bd6e-d75afcbfc68a
Error Number:207,State:1,Class:16|url: https://localhost/weatherforecast/get-file/1|action: GetFile: An unhandled exception has occurred while executing the request.
2022-04-15 09:35:38.9723||DEBUG|Relationshop.Blueprint.Nlog.Program| |url: |action: : init main
2022-04-15 09:35:39.9932||INFO|Relationshop.Blueprint.Nlog.Startup| |url: |action: : Environment name: Development
2022-04-15 09:35:40.4031||INFO|Microsoft.Hosting.Lifetime| |url: |action: : Application started. Press Ctrl+C to shut down.
2022-04-15 09:35:40.4312||INFO|Microsoft.Hosting.Lifetime| |url: |action: : Hosting environment: Development
2022-04-15 09:35:40.4491||INFO|Microsoft.Hosting.Lifetime| |url: |action: : Content root path: E:\relationshop\Documentation\backend\coding-example\Relationshop.Blueprint.Dapper
2022-04-15 09:35:40.6225||INFO|Relationshop.Blueprint.Nlog.Controllers.WeatherForecastController| |url: https://localhost/weatherforecast|action: Get: Call to Get
2022-04-15 09:35:47.4408||INFO|Relationshop.Blueprint.Nlog.Controllers.WeatherForecastController| |url: https://localhost/weatherforecast/get-file/1|action: GetFile: Call to GetFileAsync
2022-04-15 09:36:49.4728||DEBUG|Relationshop.Blueprint.Nlog.Program| |url: |action: : init main
2022-04-15 09:36:50.8218||INFO|Relationshop.Blueprint.Nlog.Startup| |url: |action: : Environment name: Development
2022-04-15 09:36:51.5283||INFO|Microsoft.Hosting.Lifetime| |url: |action: : Application started. Press Ctrl+C to shut down.
2022-04-15 09:36:51.5495||INFO|Microsoft.Hosting.Lifetime| |url: |action: : Hosting environment: Development
2022-04-15 09:36:51.5644||INFO|Microsoft.Hosting.Lifetime| |url: |action: : Content root path: E:\relationshop\Documentation\backend\coding-example\Relationshop.Blueprint.Dapper
2022-04-15 09:36:51.6933||INFO|Relationshop.Blueprint.Nlog.Controllers.WeatherForecastController| |url: https://localhost/weatherforecast|action: Get: Call to Get
2022-04-15 09:36:52.5774||INFO|Relationshop.Blueprint.Nlog.Controllers.WeatherForecastController| |url: https://localhost/weatherforecast/get-file/1|action: GetFile: Call to GetFileAsync
2022-04-15 09:37:16.5021||INFO|Relationshop.Blueprint.Nlog.Controllers.WeatherForecastController| |url: https://localhost/weatherforecast/get-file/2|action: GetFile: Call to GetFileAsync
2022-04-15 09:39:38.7020||INFO|Relationshop.Blueprint.Nlog.Controllers.WeatherForecastController| |url: https://localhost/weatherforecast/get-file/1|action: GetFile: Call to GetFileAsync
2022-04-15 09:41:52.1185||INFO|Relationshop.Blueprint.Nlog.Controllers.WeatherForecastController| |url: https://localhost/weatherforecast/get-file/2|action: GetFile: Call to GetFileAsync
2022-04-15 10:00:05.0535||DEBUG|Relationshop.Blueprint.Nlog.Program| |url: |action: : init main
2022-04-15 10:00:05.8461||INFO|Relationshop.Blueprint.Nlog.Startup| |url: |action: : Environment name: Development
2022-04-15 10:00:06.2811||INFO|Microsoft.Hosting.Lifetime| |url: |action: : Application started. Press Ctrl+C to shut down.
2022-04-15 10:00:06.3002||INFO|Microsoft.Hosting.Lifetime| |url: |action: : Hosting environment: Development
2022-04-15 10:00:06.3002||INFO|Microsoft.Hosting.Lifetime| |url: |action: : Content root path: E:\relationshop\Documentation\backend\coding-example\Relationshop.Blueprint.Dapper
2022-04-15 10:00:06.4727||INFO|Relationshop.Blueprint.Nlog.Controllers.WeatherForecastController| |url: https://localhost/weatherforecast|action: Get: Call to Get
2022-04-15 10:00:15.4038||INFO|Relationshop.Blueprint.Nlog.Controllers.WeatherForecastController| |url: https://localhost/weatherforecast/get-file/1|action: GetFile: Call to GetFileAsync
2022-04-15 10:00:16.0267|1|ERROR|Microsoft.AspNetCore.Diagnostics.DeveloperExceptionPageMiddleware| Microsoft.Data.SqlClient.SqlException (0x80131904): Invalid column name 'ThumbnailPath'.
Invalid column name 'Source'.
Invalid column name 'FileData'.
Invalid column name 'CreatedBy'.
Invalid column name 'CreatedDate'.
Invalid column name 'ModifiedBy'.
Invalid column name 'ModifiedDate'.
   at Microsoft.Data.SqlClient.SqlCommand.<>c.<ExecuteDbDataReaderAsync>b__169_0(Task`1 result)
   at System.Threading.Tasks.ContinuationResultTaskFromResultTask`2.InnerInvoke()
   at System.Threading.Tasks.Task.<>c.<.cctor>b__274_0(Object obj)
   at System.Threading.ExecutionContext.RunInternal(ExecutionContext executionContext, ContextCallback callback, Object state)
--- End of stack trace from previous location where exception was thrown ---
   at System.Threading.ExecutionContext.RunInternal(ExecutionContext executionContext, ContextCallback callback, Object state)
   at System.Threading.Tasks.Task.ExecuteWithThreadLocal(Task& currentTaskSlot, Thread threadPoolThread)
--- End of stack trace from previous location where exception was thrown ---
   at Dapper.SqlMapper.QueryRowAsync[T](IDbConnection cnn, Row row, Type effectiveType, CommandDefinition command) in C:\projects\dapper\Dapper\SqlMapper.Async.cs:line 483
   at Relationshop.Blueprint.Dapper.Dapper.DapperRepository.QuerySingleOrDefaultAsync[T](IDbConnection dbConnection, String sql, Object param) in E:\relationshop\Documentation\backend\coding-example\Relationshop.Blueprint.Dapper\Dapper\DapperRepository.cs:line 32
   at Relationshop.Blueprint.Dapper.Dapper.DapperRepository.QuerySingleOrDefaultAsync[T](String sql, Object param) in E:\relationshop\Documentation\backend\coding-example\Relationshop.Blueprint.Dapper\Dapper\DapperRepository.cs:line 38
   at Relationshop.Blueprint.Dapper.Dapper.FileReadRepository.GetFileByIdQuery(Int64 id) in E:\relationshop\Documentation\backend\coding-example\Relationshop.Blueprint.Dapper\Dapper\FileReadRepository.cs:line 33
   at Relationshop.Blueprint.Dapper.Services.FileService.GetFileByIdQuery(Int64 id) in E:\relationshop\Documentation\backend\coding-example\Relationshop.Blueprint.Dapper\Services\FileService.cs:line 24
   at Relationshop.Blueprint.Nlog.Controllers.WeatherForecastController.GetFileAsync(Int64 id) in E:\relationshop\Documentation\backend\coding-example\Relationshop.Blueprint.Dapper\Controllers\WeatherForecastController.cs:line 50
   at lambda_method(Closure , Object )
   at Microsoft.Extensions.Internal.ObjectMethodExecutorAwaitable.Awaiter.GetResult()
   at Microsoft.AspNetCore.Mvc.Infrastructure.ActionMethodExecutor.AwaitableObjectResultExecutor.Execute(IActionResultTypeMapper mapper, ObjectMethodExecutor executor, Object controller, Object[] arguments)
   at Microsoft.AspNetCore.Mvc.Infrastructure.ControllerActionInvoker.<InvokeActionMethodAsync>g__Logged|12_1(ControllerActionInvoker invoker)
   at Microsoft.AspNetCore.Mvc.Infrastructure.ControllerActionInvoker.<InvokeNextActionFilterAsync>g__Awaited|10_0(ControllerActionInvoker invoker, Task lastTask, State next, Scope scope, Object state, Boolean isCompleted)
   at Microsoft.AspNetCore.Mvc.Infrastructure.ControllerActionInvoker.Rethrow(ActionExecutedContextSealed context)
   at Microsoft.AspNetCore.Mvc.Infrastructure.ControllerActionInvoker.Next(State& next, Scope& scope, Object& state, Boolean& isCompleted)
   at Microsoft.AspNetCore.Mvc.Infrastructure.ControllerActionInvoker.<InvokeInnerFilterAsync>g__Awaited|13_0(ControllerActionInvoker invoker, Task lastTask, State next, Scope scope, Object state, Boolean isCompleted)
   at Microsoft.AspNetCore.Mvc.Infrastructure.ResourceInvoker.<InvokeFilterPipelineAsync>g__Awaited|19_0(ResourceInvoker invoker, Task lastTask, State next, Scope scope, Object state, Boolean isCompleted)
   at Microsoft.AspNetCore.Mvc.Infrastructure.ResourceInvoker.<InvokeAsync>g__Logged|17_1(ResourceInvoker invoker)
   at Microsoft.AspNetCore.Routing.EndpointMiddleware.<Invoke>g__AwaitRequestTask|6_0(Endpoint endpoint, Task requestTask, ILogger logger)
   at Microsoft.AspNetCore.Authorization.AuthorizationMiddleware.Invoke(HttpContext context)
   at Microsoft.AspNetCore.Diagnostics.DeveloperExceptionPageMiddleware.Invoke(HttpContext context)
ClientConnectionId:cc81c60d-78c1-4f87-b8b1-1566130db521
Error Number:207,State:1,Class:16|url: https://localhost/weatherforecast/get-file/1|action: GetFile: An unhandled exception has occurred while executing the request.
2022-04-15 10:00:35.6166||DEBUG|Relationshop.Blueprint.Nlog.Program| |url: |action: : init main
2022-04-15 10:00:36.4291||INFO|Relationshop.Blueprint.Nlog.Startup| |url: |action: : Environment name: Development
2022-04-15 10:00:36.9918||INFO|Microsoft.Hosting.Lifetime| |url: |action: : Application started. Press Ctrl+C to shut down.
2022-04-15 10:00:37.0207||INFO|Microsoft.Hosting.Lifetime| |url: |action: : Hosting environment: Development
2022-04-15 10:00:37.0421||INFO|Microsoft.Hosting.Lifetime| |url: |action: : Content root path: E:\relationshop\Documentation\backend\coding-example\Relationshop.Blueprint.Dapper
2022-04-15 10:00:37.1488||INFO|Relationshop.Blueprint.Nlog.Controllers.WeatherForecastController| |url: https://localhost/weatherforecast|action: Get: Call to Get
2022-04-15 10:00:41.8834||INFO|Relationshop.Blueprint.Nlog.Controllers.WeatherForecastController| |url: https://localhost/weatherforecast/get-file/2|action: GetFile: Call to GetFileAsync
2022-04-15 10:00:46.7293||INFO|Relationshop.Blueprint.Nlog.Controllers.WeatherForecastController| |url: https://localhost/weatherforecast/get-file/1|action: GetFile: Call to GetFileAsync
2022-04-15 14:49:33.3885||DEBUG|Relationshop.Blueprint.Nlog.Program| |url: |action: : init main
2022-04-15 14:49:34.0453||INFO|Relationshop.Blueprint.Nlog.Startup| |url: |action: : Environment name: Development
2022-04-15 14:49:34.4103||INFO|Microsoft.Hosting.Lifetime| |url: |action: : Application started. Press Ctrl+C to shut down.
2022-04-15 14:49:34.4128||INFO|Microsoft.Hosting.Lifetime| |url: |action: : Hosting environment: Development
2022-04-15 14:49:34.4128||INFO|Microsoft.Hosting.Lifetime| |url: |action: : Content root path: E:\relationshop\demo\myweb\Relationshop.Blueprint.Dapper
2022-04-15 14:49:34.7187||INFO|Relationshop.Blueprint.Nlog.Controllers.WeatherForecastController| |url: https://localhost/weatherforecast|action: Get: Call to Get
2022-04-15 14:50:09.0531||INFO|Relationshop.Blueprint.Nlog.Controllers.WeatherForecastController| |url: https://localhost/weatherforecast/get-file/1|action: GetFile: Call to GetFileAsync
2022-04-15 14:50:09.5424|1|ERROR|Microsoft.AspNetCore.Diagnostics.DeveloperExceptionPageMiddleware| Microsoft.Data.SqlClient.SqlException (0x80131904): A connection was successfully established with the server, but then an error occurred during the login process. (provider: Shared Memory Provider, error: 0 - No process is on the other end of the pipe.)
 ---> System.ComponentModel.Win32Exception (233): No process is on the other end of the pipe.
   at Microsoft.Data.SqlClient.SqlInternalConnection.OnError(SqlException exception, Boolean breakConnection, Action`1 wrapCloseInAction)
   at Microsoft.Data.SqlClient.TdsParser.ThrowExceptionAndWarning(TdsParserStateObject stateObj, Boolean callerHasConnectionLock, Boolean asyncClose)
   at Microsoft.Data.SqlClient.TdsParserStateObject.ThrowExceptionAndWarning(Boolean callerHasConnectionLock, Boolean asyncClose)
   at Microsoft.Data.SqlClient.TdsParserStateObject.ReadSniError(TdsParserStateObject stateObj, UInt32 error)
   at Microsoft.Data.SqlClient.TdsParserStateObject.ReadSniSyncOverAsync()
   at Microsoft.Data.SqlClient.TdsParserStateObject.TryReadNetworkPacket()
   at Microsoft.Data.SqlClient.TdsParserStateObject.TryPrepareBuffer()
   at Microsoft.Data.SqlClient.TdsParserStateObject.TryReadByte(Byte& value)
   at Microsoft.Data.SqlClient.TdsParser.TryRun(RunBehavior runBehavior, SqlCommand cmdHandler, SqlDataReader dataStream, BulkCopySimpleResultSet bulkCopyHandler, TdsParserStateObject stateObj, Boolean& dataReady)
   at Microsoft.Data.SqlClient.TdsParser.Run(RunBehavior runBehavior, SqlCommand cmdHandler, SqlDataReader dataStream, BulkCopySimpleResultSet bulkCopyHandler, TdsParserStateObject stateObj)
   at Microsoft.Data.SqlClient.SqlInternalConnectionTds.CompleteLogin(Boolean enlistOK)
   at Microsoft.Data.SqlClient.SqlInternalConnectionTds.AttemptOneLogin(ServerInfo serverInfo, String newPassword, SecureString newSecurePassword, Boolean ignoreSniOpenTimeout, TimeoutTimer timeout, Boolean withFailover)
   at Microsoft.Data.SqlClient.SqlInternalConnectionTds.LoginNoFailover(ServerInfo serverInfo, String newPassword, SecureString newSecurePassword, Boolean redirectedUserInstance, SqlConnectionString connectionOptions, SqlCredential credential, TimeoutTimer timeout)
   at Microsoft.Data.SqlClient.SqlInternalConnectionTds.OpenLoginEnlist(TimeoutTimer timeout, SqlConnectionString connectionOptions, SqlCredential credential, String newPassword, SecureString newSecurePassword, Boolean redirectedUserInstance)
   at Microsoft.Data.SqlClient.SqlInternalConnectionTds..ctor(DbConnectionPoolIdentity identity, SqlConnectionString connectionOptions, SqlCredential credential, Object providerInfo, String newPassword, SecureString newSecurePassword, Boolean redirectedUserInstance, SqlConnectionString userConnectionOptions, SessionData reconnectSessionData, Boolean applyTransientFaultHandling, String accessToken, DbConnectionPool pool)
   at Microsoft.Data.SqlClient.SqlConnectionFactory.CreateConnection(DbConnectionOptions options, DbConnectionPoolKey poolKey, Object poolGroupProviderInfo, DbConnectionPool pool, DbConnection owningConnection, DbConnectionOptions userOptions)
   at Microsoft.Data.ProviderBase.DbConnectionFactory.CreatePooledConnection(DbConnectionPool pool, DbConnection owningObject, DbConnectionOptions options, DbConnectionPoolKey poolKey, DbConnectionOptions userOptions)
   at Microsoft.Data.ProviderBase.DbConnectionPool.CreateObject(DbConnection owningObject, DbConnectionOptions userOptions, DbConnectionInternal oldConnection)
   at Microsoft.Data.ProviderBase.DbConnectionPool.UserCreateRequest(DbConnection owningObject, DbConnectionOptions userOptions, DbConnectionInternal oldConnection)
   at Microsoft.Data.ProviderBase.DbConnectionPool.TryGetConnection(DbConnection owningObject, UInt32 waitForMultipleObjectsTimeout, Boolean allowCreate, Boolean onlyOneCheckConnection, DbConnectionOptions userOptions, DbConnectionInternal& connection)
   at Microsoft.Data.ProviderBase.DbConnectionPool.TryGetConnection(DbConnection owningObject, TaskCompletionSource`1 retry, DbConnectionOptions userOptions, DbConnectionInternal& connection)
   at Microsoft.Data.ProviderBase.DbConnectionFactory.TryGetConnection(DbConnection owningConnection, TaskCompletionSource`1 retry, DbConnectionOptions userOptions, DbConnectionInternal oldConnection, DbConnectionInternal& connection)
   at Microsoft.Data.ProviderBase.DbConnectionInternal.TryOpenConnectionInternal(DbConnection outerConnection, DbConnectionFactory connectionFactory, TaskCompletionSource`1 retry, DbConnectionOptions userOptions)
   at Microsoft.Data.ProviderBase.DbConnectionClosed.TryOpenConnection(DbConnection outerConnection, DbConnectionFactory connectionFactory, TaskCompletionSource`1 retry, DbConnectionOptions userOptions)
   at Microsoft.Data.SqlClient.SqlConnection.TryOpen(TaskCompletionSource`1 retry, SqlConnectionOverrides overrides)
   at Microsoft.Data.SqlClient.SqlConnection.Open(SqlConnectionOverrides overrides)
   at Microsoft.Data.SqlClient.SqlConnection.Open()
   at Relationshop.Blueprint.Dapper.Dapper.SqlConnectionFactory.GetOpenConnection() in E:\relationshop\demo\myweb\Relationshop.Blueprint.Dapper\Dapper\SqlConnectionFactory.cs:line 25
   at Relationshop.Blueprint.Dapper.Dapper.DapperRepository.QuerySingleOrDefaultAsync[T](String sql, Object param) in E:\relationshop\demo\myweb\Relationshop.Blueprint.Dapper\Dapper\DapperRepository.cs:line 37
   at Relationshop.Blueprint.Dapper.Dapper.FileReadRepository.GetFileByIdQuery(Int64 id) in E:\relationshop\demo\myweb\Relationshop.Blueprint.Dapper\Dapper\FileReadRepository.cs:line 30
   at Relationshop.Blueprint.Dapper.Services.FileService.GetFileByIdQuery(Int64 id) in E:\relationshop\demo\myweb\Relationshop.Blueprint.Dapper\Services\FileService.cs:line 24
   at Relationshop.Blueprint.Nlog.Controllers.WeatherForecastController.GetFileAsync(Int64 id) in E:\relationshop\demo\myweb\Relationshop.Blueprint.Dapper\Controllers\WeatherForecastController.cs:line 50
   at lambda_method(Closure , Object )
   at Microsoft.Extensions.Internal.ObjectMethodExecutorAwaitable.Awaiter.GetResult()
   at Microsoft.AspNetCore.Mvc.Infrastructure.ActionMethodExecutor.AwaitableObjectResultExecutor.Execute(IActionResultTypeMapper mapper, ObjectMethodExecutor executor, Object controller, Object[] arguments)
   at Microsoft.AspNetCore.Mvc.Infrastructure.ControllerActionInvoker.<InvokeActionMethodAsync>g__Logged|12_1(ControllerActionInvoker invoker)
   at Microsoft.AspNetCore.Mvc.Infrastructure.ControllerActionInvoker.<InvokeNextActionFilterAsync>g__Awaited|10_0(ControllerActionInvoker invoker, Task lastTask, State next, Scope scope, Object state, Boolean isCompleted)
   at Microsoft.AspNetCore.Mvc.Infrastructure.ControllerActionInvoker.Rethrow(ActionExecutedContextSealed context)
   at Microsoft.AspNetCore.Mvc.Infrastructure.ControllerActionInvoker.Next(State& next, Scope& scope, Object& state, Boolean& isCompleted)
   at Microsoft.AspNetCore.Mvc.Infrastructure.ControllerActionInvoker.InvokeInnerFilterAsync()
--- End of stack trace from previous location where exception was thrown ---
   at Microsoft.AspNetCore.Mvc.Infrastructure.ResourceInvoker.<InvokeFilterPipelineAsync>g__Awaited|19_0(ResourceInvoker invoker, Task lastTask, State next, Scope scope, Object state, Boolean isCompleted)
   at Microsoft.AspNetCore.Mvc.Infrastructure.ResourceInvoker.<InvokeAsync>g__Logged|17_1(ResourceInvoker invoker)
   at Microsoft.AspNetCore.Routing.EndpointMiddleware.<Invoke>g__AwaitRequestTask|6_0(Endpoint endpoint, Task requestTask, ILogger logger)
   at Microsoft.AspNetCore.Authorization.AuthorizationMiddleware.Invoke(HttpContext context)
   at Microsoft.AspNetCore.Diagnostics.DeveloperExceptionPageMiddleware.Invoke(HttpContext context)
ClientConnectionId:56ecd023-2bd9-4678-a1b7-438670442cf3
Error Number:233,State:0,Class:20|url: https://localhost/weatherforecast/get-file/1|action: GetFile: An unhandled exception has occurred while executing the request.
2022-04-15 14:51:56.6672||DEBUG|Relationshop.Blueprint.Nlog.Program| |url: |action: : init main
2022-04-15 14:51:57.2356||INFO|Relationshop.Blueprint.Nlog.Startup| |url: |action: : Environment name: Development
2022-04-15 14:51:57.5509||INFO|Microsoft.Hosting.Lifetime| |url: |action: : Application started. Press Ctrl+C to shut down.
2022-04-15 14:51:57.5689||INFO|Microsoft.Hosting.Lifetime| |url: |action: : Hosting environment: Development
2022-04-15 14:51:57.5848||INFO|Microsoft.Hosting.Lifetime| |url: |action: : Content root path: E:\relationshop\demo\myweb\Relationshop.Blueprint.Dapper
2022-04-15 14:51:57.6850||INFO|Relationshop.Blueprint.Nlog.Controllers.WeatherForecastController| |url: https://localhost/weatherforecast|action: Get: Call to Get
2022-04-15 14:52:10.0758||INFO|Relationshop.Blueprint.Nlog.Controllers.WeatherForecastController| |url: https://localhost/weatherforecast/get-file/1|action: GetFile: Call to GetFileAsync
2022-04-15 14:52:10.3997|1|ERROR|Microsoft.AspNetCore.Diagnostics.DeveloperExceptionPageMiddleware| Microsoft.Data.SqlClient.SqlException (0x80131904): A connection was successfully established with the server, but then an error occurred during the login process. (provider: Shared Memory Provider, error: 0 - No process is on the other end of the pipe.)
 ---> System.ComponentModel.Win32Exception (233): No process is on the other end of the pipe.
   at Microsoft.Data.SqlClient.SqlInternalConnection.OnError(SqlException exception, Boolean breakConnection, Action`1 wrapCloseInAction)
   at Microsoft.Data.SqlClient.TdsParser.ThrowExceptionAndWarning(TdsParserStateObject stateObj, Boolean callerHasConnectionLock, Boolean asyncClose)
   at Microsoft.Data.SqlClient.TdsParserStateObject.ThrowExceptionAndWarning(Boolean callerHasConnectionLock, Boolean asyncClose)
   at Microsoft.Data.SqlClient.TdsParserStateObject.ReadSniError(TdsParserStateObject stateObj, UInt32 error)
   at Microsoft.Data.SqlClient.TdsParserStateObject.ReadSniSyncOverAsync()
   at Microsoft.Data.SqlClient.TdsParserStateObject.TryReadNetworkPacket()
   at Microsoft.Data.SqlClient.TdsParserStateObject.TryPrepareBuffer()
   at Microsoft.Data.SqlClient.TdsParserStateObject.TryReadByte(Byte& value)
   at Microsoft.Data.SqlClient.TdsParser.TryRun(RunBehavior runBehavior, SqlCommand cmdHandler, SqlDataReader dataStream, BulkCopySimpleResultSet bulkCopyHandler, TdsParserStateObject stateObj, Boolean& dataReady)
   at Microsoft.Data.SqlClient.TdsParser.Run(RunBehavior runBehavior, SqlCommand cmdHandler, SqlDataReader dataStream, BulkCopySimpleResultSet bulkCopyHandler, TdsParserStateObject stateObj)
   at Microsoft.Data.SqlClient.SqlInternalConnectionTds.CompleteLogin(Boolean enlistOK)
   at Microsoft.Data.SqlClient.SqlInternalConnectionTds.AttemptOneLogin(ServerInfo serverInfo, String newPassword, SecureString newSecurePassword, Boolean ignoreSniOpenTimeout, TimeoutTimer timeout, Boolean withFailover)
   at Microsoft.Data.SqlClient.SqlInternalConnectionTds.LoginNoFailover(ServerInfo serverInfo, String newPassword, SecureString newSecurePassword, Boolean redirectedUserInstance, SqlConnectionString connectionOptions, SqlCredential credential, TimeoutTimer timeout)
   at Microsoft.Data.SqlClient.SqlInternalConnectionTds.OpenLoginEnlist(TimeoutTimer timeout, SqlConnectionString connectionOptions, SqlCredential credential, String newPassword, SecureString newSecurePassword, Boolean redirectedUserInstance)
   at Microsoft.Data.SqlClient.SqlInternalConnectionTds..ctor(DbConnectionPoolIdentity identity, SqlConnectionString connectionOptions, SqlCredential credential, Object providerInfo, String newPassword, SecureString newSecurePassword, Boolean redirectedUserInstance, SqlConnectionString userConnectionOptions, SessionData reconnectSessionData, Boolean applyTransientFaultHandling, String accessToken, DbConnectionPool pool)
   at Microsoft.Data.SqlClient.SqlConnectionFactory.CreateConnection(DbConnectionOptions options, DbConnectionPoolKey poolKey, Object poolGroupProviderInfo, DbConnectionPool pool, DbConnection owningConnection, DbConnectionOptions userOptions)
   at Microsoft.Data.ProviderBase.DbConnectionFactory.CreatePooledConnection(DbConnectionPool pool, DbConnection owningObject, DbConnectionOptions options, DbConnectionPoolKey poolKey, DbConnectionOptions userOptions)
   at Microsoft.Data.ProviderBase.DbConnectionPool.CreateObject(DbConnection owningObject, DbConnectionOptions userOptions, DbConnectionInternal oldConnection)
   at Microsoft.Data.ProviderBase.DbConnectionPool.UserCreateRequest(DbConnection owningObject, DbConnectionOptions userOptions, DbConnectionInternal oldConnection)
   at Microsoft.Data.ProviderBase.DbConnectionPool.TryGetConnection(DbConnection owningObject, UInt32 waitForMultipleObjectsTimeout, Boolean allowCreate, Boolean onlyOneCheckConnection, DbConnectionOptions userOptions, DbConnectionInternal& connection)
   at Microsoft.Data.ProviderBase.DbConnectionPool.TryGetConnection(DbConnection owningObject, TaskCompletionSource`1 retry, DbConnectionOptions userOptions, DbConnectionInternal& connection)
   at Microsoft.Data.ProviderBase.DbConnectionFactory.TryGetConnection(DbConnection owningConnection, TaskCompletionSource`1 retry, DbConnectionOptions userOptions, DbConnectionInternal oldConnection, DbConnectionInternal& connection)
   at Microsoft.Data.ProviderBase.DbConnectionInternal.TryOpenConnectionInternal(DbConnection outerConnection, DbConnectionFactory connectionFactory, TaskCompletionSource`1 retry, DbConnectionOptions userOptions)
   at Microsoft.Data.ProviderBase.DbConnectionClosed.TryOpenConnection(DbConnection outerConnection, DbConnectionFactory connectionFactory, TaskCompletionSource`1 retry, DbConnectionOptions userOptions)
   at Microsoft.Data.SqlClient.SqlConnection.TryOpen(TaskCompletionSource`1 retry, SqlConnectionOverrides overrides)
   at Microsoft.Data.SqlClient.SqlConnection.Open(SqlConnectionOverrides overrides)
   at Microsoft.Data.SqlClient.SqlConnection.Open()
   at Relationshop.Blueprint.Dapper.Dapper.SqlConnectionFactory.GetOpenConnection() in E:\relationshop\demo\myweb\Relationshop.Blueprint.Dapper\Dapper\SqlConnectionFactory.cs:line 25
   at Relationshop.Blueprint.Dapper.Dapper.DapperRepository.QuerySingleOrDefaultAsync[T](String sql, Object param) in E:\relationshop\demo\myweb\Relationshop.Blueprint.Dapper\Dapper\DapperRepository.cs:line 37
   at Relationshop.Blueprint.Dapper.Dapper.FileReadRepository.GetFileByIdQuery(Int64 id) in E:\relationshop\demo\myweb\Relationshop.Blueprint.Dapper\Dapper\FileReadRepository.cs:line 30
   at Relationshop.Blueprint.Dapper.Services.FileService.GetFileByIdQuery(Int64 id) in E:\relationshop\demo\myweb\Relationshop.Blueprint.Dapper\Services\FileService.cs:line 24
   at Relationshop.Blueprint.Nlog.Controllers.WeatherForecastController.GetFileAsync(Int64 id) in E:\relationshop\demo\myweb\Relationshop.Blueprint.Dapper\Controllers\WeatherForecastController.cs:line 50
   at lambda_method(Closure , Object )
   at Microsoft.Extensions.Internal.ObjectMethodExecutorAwaitable.Awaiter.GetResult()
   at Microsoft.AspNetCore.Mvc.Infrastructure.ActionMethodExecutor.AwaitableObjectResultExecutor.Execute(IActionResultTypeMapper mapper, ObjectMethodExecutor executor, Object controller, Object[] arguments)
   at Microsoft.AspNetCore.Mvc.Infrastructure.ControllerActionInvoker.<InvokeActionMethodAsync>g__Logged|12_1(ControllerActionInvoker invoker)
   at Microsoft.AspNetCore.Mvc.Infrastructure.ControllerActionInvoker.<InvokeNextActionFilterAsync>g__Awaited|10_0(ControllerActionInvoker invoker, Task lastTask, State next, Scope scope, Object state, Boolean isCompleted)
   at Microsoft.AspNetCore.Mvc.Infrastructure.ControllerActionInvoker.Rethrow(ActionExecutedContextSealed context)
   at Microsoft.AspNetCore.Mvc.Infrastructure.ControllerActionInvoker.Next(State& next, Scope& scope, Object& state, Boolean& isCompleted)
   at Microsoft.AspNetCore.Mvc.Infrastructure.ControllerActionInvoker.InvokeInnerFilterAsync()
--- End of stack trace from previous location where exception was thrown ---
   at Microsoft.AspNetCore.Mvc.Infrastructure.ResourceInvoker.<InvokeFilterPipelineAsync>g__Awaited|19_0(ResourceInvoker invoker, Task lastTask, State next, Scope scope, Object state, Boolean isCompleted)
   at Microsoft.AspNetCore.Mvc.Infrastructure.ResourceInvoker.<InvokeAsync>g__Logged|17_1(ResourceInvoker invoker)
   at Microsoft.AspNetCore.Routing.EndpointMiddleware.<Invoke>g__AwaitRequestTask|6_0(Endpoint endpoint, Task requestTask, ILogger logger)
   at Microsoft.AspNetCore.Authorization.AuthorizationMiddleware.Invoke(HttpContext context)
   at Microsoft.AspNetCore.Diagnostics.DeveloperExceptionPageMiddleware.Invoke(HttpContext context)
ClientConnectionId:533c840c-17d1-474a-9003-dfa78456bc1c
Error Number:233,State:0,Class:20|url: https://localhost/weatherforecast/get-file/1|action: GetFile: An unhandled exception has occurred while executing the request.
2022-04-15 14:54:07.4027||DEBUG|Relationshop.Blueprint.Nlog.Program| |url: |action: : init main
2022-04-15 14:54:08.4033||INFO|Relationshop.Blueprint.Nlog.Startup| |url: |action: : Environment name: Development
2022-04-15 14:54:08.7809||INFO|Microsoft.Hosting.Lifetime| |url: |action: : Application started. Press Ctrl+C to shut down.
2022-04-15 14:54:08.7936||INFO|Microsoft.Hosting.Lifetime| |url: |action: : Hosting environment: Development
2022-04-15 14:54:08.8116||INFO|Microsoft.Hosting.Lifetime| |url: |action: : Content root path: E:\relationshop\demo\myweb\Relationshop.Blueprint.Dapper
2022-04-15 14:54:08.9609||INFO|Relationshop.Blueprint.Nlog.Controllers.WeatherForecastController| |url: https://localhost/weatherforecast|action: Get: Call to Get
2022-04-15 14:54:32.7215||INFO|Relationshop.Blueprint.Nlog.Controllers.WeatherForecastController| |url: https://localhost/weatherforecast/get-file/2|action: GetFile: Call to GetFileAsync
2022-04-15 14:55:03.8160||INFO|Relationshop.Blueprint.Nlog.Controllers.WeatherForecastController| |url: https://localhost/weatherforecast/get-file/2|action: GetFile: Call to GetFileAsync
